<?xml version="1.0" encoding="UTF-8"?>
<testsuite xmlns:xsi="http://www.w3.org/2001/XMLSchema-instance" xsi:noNamespaceSchemaLocation="https://maven.apache.org/surefire/maven-surefire-plugin/xsd/surefire-test-report.xsd" name="com.ags.junit5.ejemplos.models.CuentaTest" time="0.056" tests="8" errors="0" skipped="0" failures="0">
  <properties>
[...]
</properties>
  <testcase name="dineroInsuficienteException" classname="com.ags.junit5.ejemplos.models.CuentaTest$ExceptionCuentasTest" time="0.025"/>
  <testcase name="testRelacionBancoCuentas" classname="com.ags.junit5.ejemplos.models.CuentaTest$ExceptionCuentasTest" time="0.004"/>
  <testcase name="testCreditoCuenta" classname="com.ags.junit5.ejemplos.models.CuentaTest$CuentaOperacionesTest" time="0.001"/>
  <testcase name="testDebitoCuenta" classname="com.ags.junit5.ejemplos.models.CuentaTest$CuentaOperacionesTest" time="0"/>
  <testcase name="transferirDineroCuentas" classname="com.ags.junit5.ejemplos.models.CuentaTest$CuentaOperacionesTest" time="0.001"/>
  <testcase name="testSaldoCuenta" classname="com.ags.junit5.ejemplos.models.CuentaTest$CuentaTestNombreYSaldo" time="0.001"/>
  <testcase name="testReferenciaDeCuenta" classname="com.ags.junit5.ejemplos.models.CuentaTest$CuentaTestNombreYSaldo" time="0.001"/>
  <testcase name="testNombreCuenta" classname="com.ags.junit5.ejemplos.models.CuentaTest$CuentaTestNombreYSaldo" time="0.001"/>
</testsuite>